2024-12-18 15:02:47 INFO Starting data cleaning transformation
2024-12-18 15:02:47 INFO Imputing 207 missing values in age with median
2024-12-18 15:02:47 INFO Imputing 1 missing values in fare with median
2024-12-18 15:02:47 INFO Imputing 948 missing values in body with median
2024-12-18 15:02:47 INFO Imputing 1 missing values in embarked with mode
2024-12-18 15:02:47 INFO Clipping 77 outliers in age
2024-12-18 15:02:47 INFO Clipping 137 outliers in fare
2024-12-18 15:02:47 INFO Clipping 98 outliers in body
2024-12-18 15:02:47 INFO Cleaning complete. Output shape: (1047, 13)
2024-12-18 15:02:47 INFO Starting data cleaning transformation
2024-12-18 15:02:47 INFO Imputing 172 missing values in age with median
2024-12-18 15:02:47 INFO Imputing 1 missing values in fare with median
2024-12-18 15:02:47 INFO Imputing 759 missing values in body with median
2024-12-18 15:02:47 INFO Imputing 1 missing values in embarked with mode
2024-12-18 15:02:47 INFO Clipping 70 outliers in age
2024-12-18 15:02:47 INFO Clipping 109 outliers in fare
2024-12-18 15:02:47 INFO Clipping 78 outliers in body
2024-12-18 15:02:47 INFO Cleaning complete. Output shape: (837, 13)
2024-12-18 15:02:47 INFO Starting data cleaning transformation
2024-12-18 15:02:47 INFO Imputing 35 missing values in age with median
2024-12-18 15:02:47 INFO Imputing 189 missing values in body with median
2024-12-18 15:02:47 INFO Clipping 4 outliers in age
2024-12-18 15:02:47 INFO Clipping 28 outliers in fare
2024-12-18 15:02:47 INFO Clipping 20 outliers in body
2024-12-18 15:02:47 INFO Cleaning complete. Output shape: (210, 13)
2024-12-18 15:02:47 INFO Starting data cleaning transformation
2024-12-18 15:02:47 INFO Imputing 162 missing values in age with median
2024-12-18 15:02:47 INFO Imputing 1 missing values in fare with median
2024-12-18 15:02:47 INFO Imputing 755 missing values in body with median
2024-12-18 15:02:47 INFO Imputing 1 missing values in embarked with mode
2024-12-18 15:02:47 INFO Clipping 66 outliers in age
2024-12-18 15:02:47 INFO Clipping 103 outliers in fare
2024-12-18 15:02:47 INFO Clipping 82 outliers in body
2024-12-18 15:02:47 INFO Cleaning complete. Output shape: (837, 13)
2024-12-18 15:02:47 INFO Starting data cleaning transformation
2024-12-18 15:02:47 INFO Imputing 45 missing values in age with median
2024-12-18 15:02:47 INFO Imputing 193 missing values in body with median
2024-12-18 15:02:47 INFO Clipping 20 outliers in age
2024-12-18 15:02:47 INFO Clipping 35 outliers in fare
2024-12-18 15:02:47 INFO Clipping 16 outliers in body
2024-12-18 15:02:47 INFO Cleaning complete. Output shape: (210, 13)
2024-12-18 15:02:47 INFO Starting data cleaning transformation
2024-12-18 15:02:47 INFO Imputing 167 missing values in age with median
2024-12-18 15:02:47 INFO Imputing 761 missing values in body with median
2024-12-18 15:02:47 INFO Clipping 78 outliers in age
2024-12-18 15:02:47 INFO Clipping 112 outliers in fare
2024-12-18 15:02:47 INFO Clipping 76 outliers in body
2024-12-18 15:02:47 INFO Cleaning complete. Output shape: (838, 13)
2024-12-18 15:02:47 INFO Starting data cleaning transformation
2024-12-18 15:02:47 INFO Imputing 40 missing values in age with median
2024-12-18 15:02:47 INFO Imputing 1 missing values in fare with median
2024-12-18 15:02:47 INFO Imputing 187 missing values in body with median
2024-12-18 15:02:47 INFO Imputing 1 missing values in embarked with mode
2024-12-18 15:02:47 INFO Clipping 11 outliers in age
2024-12-18 15:02:47 INFO Clipping 25 outliers in fare
2024-12-18 15:02:47 INFO Clipping 22 outliers in body
2024-12-18 15:02:47 INFO Cleaning complete. Output shape: (209, 13)
2024-12-18 15:02:47 INFO Starting data cleaning transformation
2024-12-18 15:02:47 INFO Imputing 167 missing values in age with median
2024-12-18 15:02:47 INFO Imputing 1 missing values in fare with median
2024-12-18 15:02:47 INFO Imputing 756 missing values in body with median
2024-12-18 15:02:47 INFO Imputing 1 missing values in embarked with mode
2024-12-18 15:02:47 INFO Clipping 63 outliers in age
2024-12-18 15:02:47 INFO Clipping 105 outliers in fare
2024-12-18 15:02:47 INFO Clipping 82 outliers in body
2024-12-18 15:02:47 INFO Cleaning complete. Output shape: (838, 13)
2024-12-18 15:02:47 INFO Starting data cleaning transformation
2024-12-18 15:02:47 INFO Imputing 40 missing values in age with median
2024-12-18 15:02:47 INFO Imputing 192 missing values in body with median
2024-12-18 15:02:47 INFO Clipping 15 outliers in age
2024-12-18 15:02:47 INFO Clipping 20 outliers in fare
2024-12-18 15:02:47 INFO Clipping 16 outliers in body
2024-12-18 15:02:47 INFO Cleaning complete. Output shape: (209, 13)
2024-12-18 15:02:47 INFO Starting data cleaning transformation
2024-12-18 15:02:47 INFO Imputing 160 missing values in age with median
2024-12-18 15:02:47 INFO Imputing 1 missing values in fare with median
2024-12-18 15:02:47 INFO Imputing 761 missing values in body with median
2024-12-18 15:02:47 INFO Imputing 1 missing values in embarked with mode
2024-12-18 15:02:47 INFO Clipping 61 outliers in age
2024-12-18 15:02:47 INFO Clipping 119 outliers in fare
2024-12-18 15:02:47 INFO Clipping 76 outliers in body
2024-12-18 15:02:47 INFO Cleaning complete. Output shape: (838, 13)
2024-12-18 15:02:47 INFO Starting data cleaning transformation
2024-12-18 15:02:47 INFO Imputing 47 missing values in age with median
2024-12-18 15:02:47 INFO Imputing 187 missing values in body with median
2024-12-18 15:02:47 INFO Clipping 28 outliers in age
2024-12-18 15:02:47 INFO Clipping 16 outliers in fare
2024-12-18 15:02:47 INFO Clipping 22 outliers in body
2024-12-18 15:02:47 INFO Cleaning complete. Output shape: (209, 13)
2024-12-18 15:02:47 INFO Starting data cleaning transformation
2024-12-18 15:02:47 INFO Imputing 56 missing values in age with median
2024-12-18 15:02:47 INFO Imputing 240 missing values in body with median
2024-12-18 15:02:47 INFO Imputing 1 missing values in embarked with mode
2024-12-18 15:02:47 INFO Clipping 27 outliers in age
2024-12-18 15:02:47 INFO Clipping 34 outliers in fare
2024-12-18 15:02:47 INFO Clipping 22 outliers in body
2024-12-18 15:02:47 INFO Cleaning complete. Output shape: (262, 13)
